/usr/share/Modules/bin:/lsf/local/bin/:/lsf/10.1/linux3.10-glibc2.17-x86_64/etc:/lsf/10.1/linux3.10-glibc2.17-x86_64/bin:/appl9/latex/TexLive24/bin/x86_64-linux:/appl/Modules/4.8.0/bin:/apps9/dcc/bin:/usr/bin:/bin:/usr/local/bin:/opt/puppetlabs/bin:.
/work3/mtaho/PhD/fenitop/scripts
Start time:
Wed Feb 26 11:28:38 CET 2025
No. of cores = 96
No. of processes = 96
No. of OMP threads = 1
opt_iter: 1, opt_time: 39.1 (s), beta: 1, C: 1450.248, V: 0.071, U: 0.000, change: 0.020
opt_iter: 2, opt_time: 24.8 (s), beta: 1, C: 761.604, V: 0.080, U: 0.000, change: 0.020
opt_iter: 3, opt_time: 23.8 (s), beta: 1, C: 520.154, V: 0.080, U: 0.000, change: 0.020
opt_iter: 4, opt_time: 25.2 (s), beta: 1, C: 393.919, V: 0.080, U: 0.000, change: 0.020
opt_iter: 5, opt_time: 27.4 (s), beta: 1, C: 314.026, V: 0.080, U: 0.000, change: 0.020
opt_iter: 6, opt_time: 27.6 (s), beta: 1, C: 257.681, V: 0.080, U: 0.000, change: 0.020
opt_iter: 7, opt_time: 29 (s), beta: 1, C: 214.844, V: 0.080, U: 0.000, change: 0.020
opt_iter: 8, opt_time: 29.5 (s), beta: 1, C: 181.012, V: 0.080, U: 0.000, change: 0.020
opt_iter: 9, opt_time: 28 (s), beta: 1, C: 153.818, V: 0.080, U: 0.000, change: 0.020
opt_iter: 10, opt_time: 28.9 (s), beta: 1, C: 132.009, V: 0.080, U: 0.000, change: 0.020
opt_iter: 11, opt_time: 32.4 (s), beta: 1, C: 114.591, V: 0.080, U: 0.000, change: 0.020
opt_iter: 12, opt_time: 34.4 (s), beta: 1, C: 100.716, V: 0.080, U: 0.000, change: 0.020
opt_iter: 13, opt_time: 35.6 (s), beta: 1, C: 89.600, V: 0.080, U: 0.000, change: 0.020
opt_iter: 14, opt_time: 36.8 (s), beta: 1, C: 80.608, V: 0.080, U: 0.000, change: 0.020
opt_iter: 15, opt_time: 38 (s), beta: 1, C: 73.248, V: 0.080, U: 0.000, change: 0.020
opt_iter: 16, opt_time: 38.9 (s), beta: 1, C: 67.154, V: 0.080, U: 0.000, change: 0.020
opt_iter: 17, opt_time: 39.7 (s), beta: 1, C: 62.051, V: 0.080, U: 0.000, change: 0.020
opt_iter: 18, opt_time: 41.2 (s), beta: 1, C: 57.729, V: 0.080, U: 0.000, change: 0.020
opt_iter: 19, opt_time: 42.4 (s), beta: 1, C: 54.031, V: 0.080, U: 0.000, change: 0.020
opt_iter: 20, opt_time: 42.7 (s), beta: 1, C: 50.835, V: 0.080, U: 0.000, change: 0.020
opt_iter: 21, opt_time: 43.2 (s), beta: 1, C: 48.049, V: 0.080, U: 0.000, change: 0.020
opt_iter: 22, opt_time: 44.2 (s), beta: 1, C: 45.601, V: 0.080, U: 0.000, change: 0.020
opt_iter: 23, opt_time: 45 (s), beta: 1, C: 43.435, V: 0.080, U: 0.000, change: 0.020
opt_iter: 24, opt_time: 45 (s), beta: 1, C: 41.504, V: 0.080, U: 0.000, change: 0.020
opt_iter: 25, opt_time: 45.5 (s), beta: 1, C: 39.774, V: 0.080, U: 0.000, change: 0.020
opt_iter: 26, opt_time: 44.4 (s), beta: 1, C: 38.214, V: 0.080, U: 0.000, change: 0.020
opt_iter: 27, opt_time: 43.1 (s), beta: 1, C: 36.801, V: 0.080, U: 0.000, change: 0.020
opt_iter: 28, opt_time: 43.2 (s), beta: 1, C: 35.515, V: 0.080, U: 0.000, change: 0.020
opt_iter: 29, opt_time: 43.4 (s), beta: 1, C: 34.340, V: 0.080, U: 0.000, change: 0.020
opt_iter: 30, opt_time: 43 (s), beta: 1, C: 33.261, V: 0.080, U: 0.000, change: 0.020
opt_iter: 31, opt_time: 43.6 (s), beta: 1, C: 32.268, V: 0.080, U: 0.000, change: 0.020
opt_iter: 32, opt_time: 45 (s), beta: 1, C: 31.351, V: 0.080, U: 0.000, change: 0.020
opt_iter: 33, opt_time: 47.4 (s), beta: 1, C: 30.500, V: 0.080, U: 0.000, change: 0.020
opt_iter: 34, opt_time: 47.9 (s), beta: 1, C: 29.709, V: 0.080, U: 0.000, change: 0.020
opt_iter: 35, opt_time: 48.8 (s), beta: 1, C: 28.972, V: 0.080, U: 0.000, change: 0.020
opt_iter: 36, opt_time: 50.5 (s), beta: 1, C: 28.282, V: 0.080, U: 0.000, change: 0.020
opt_iter: 37, opt_time: 51.1 (s), beta: 1, C: 27.636, V: 0.080, U: 0.000, change: 0.020
opt_iter: 38, opt_time: 51.9 (s), beta: 1, C: 27.029, V: 0.080, U: 0.000, change: 0.020
opt_iter: 39, opt_time: 52.2 (s), beta: 1, C: 26.457, V: 0.080, U: 0.000, change: 0.020
opt_iter: 40, opt_time: 52.9 (s), beta: 1, C: 25.918, V: 0.080, U: 0.000, change: 0.020
opt_iter: 41, opt_time: 53.6 (s), beta: 1, C: 25.407, V: 0.080, U: 0.000, change: 0.020
opt_iter: 42, opt_time: 54.5 (s), beta: 1, C: 24.923, V: 0.080, U: 0.000, change: 0.020
opt_iter: 43, opt_time: 55.1 (s), beta: 1, C: 24.462, V: 0.080, U: 0.000, change: 0.020
opt_iter: 44, opt_time: 55.2 (s), beta: 1, C: 24.024, V: 0.080, U: 0.000, change: 0.020
opt_iter: 45, opt_time: 55.8 (s), beta: 1, C: 23.605, V: 0.080, U: 0.000, change: 0.020
opt_iter: 46, opt_time: 56.4 (s), beta: 1, C: 23.203, V: 0.080, U: 0.000, change: 0.020
opt_iter: 47, opt_time: 57.1 (s), beta: 1, C: 22.817, V: 0.080, U: 0.000, change: 0.020
opt_iter: 48, opt_time: 56.6 (s), beta: 1, C: 22.608, V: 0.080, U: 0.000, change: 0.020
opt_iter: 49, opt_time: 57.2 (s), beta: 1, C: 22.430, V: 0.080, U: 0.000, change: 0.020
opt_iter: 50, opt_time: 62.8 (s), beta: 2, C: 26.806, V: 0.069, U: 0.000, change: 0.020
opt_iter: 51, opt_time: 61.4 (s), beta: 2, C: 23.341, V: 0.074, U: 0.000, change: 0.020
opt_iter: 52, opt_time: 59.3 (s), beta: 2, C: 20.286, V: 0.079, U: 0.000, change: 0.020
opt_iter: 53, opt_time: 59.3 (s), beta: 2, C: 19.478, V: 0.080, U: 0.000, change: 0.020
opt_iter: 54, opt_time: 59.4 (s), beta: 2, C: 19.139, V: 0.080, U: 0.000, change: 0.020
opt_iter: 55, opt_time: 60 (s), beta: 2, C: 18.859, V: 0.080, U: 0.000, change: 0.020
opt_iter: 56, opt_time: 60.5 (s), beta: 2, C: 18.621, V: 0.080, U: 0.000, change: 0.020
opt_iter: 57, opt_time: 60.9 (s), beta: 2, C: 18.413, V: 0.080, U: 0.000, change: 0.020
opt_iter: 58, opt_time: 60.6 (s), beta: 2, C: 18.229, V: 0.080, U: 0.000, change: 0.020
opt_iter: 59, opt_time: 61.1 (s), beta: 2, C: 18.065, V: 0.080, U: 0.000, change: 0.020
opt_iter: 60, opt_time: 61.3 (s), beta: 2, C: 17.919, V: 0.080, U: 0.000, change: 0.020
opt_iter: 61, opt_time: 61.5 (s), beta: 2, C: 17.788, V: 0.080, U: 0.000, change: 0.020
opt_iter: 62, opt_time: 61.8 (s), beta: 2, C: 17.669, V: 0.080, U: 0.000, change: 0.020
opt_iter: 63, opt_time: 62 (s), beta: 2, C: 17.561, V: 0.080, U: 0.000, change: 0.020
opt_iter: 64, opt_time: 61.9 (s), beta: 2, C: 17.461, V: 0.080, U: 0.000, change: 0.020
opt_iter: 65, opt_time: 62.3 (s), beta: 2, C: 17.370, V: 0.080, U: 0.000, change: 0.020
opt_iter: 66, opt_time: 62.4 (s), beta: 2, C: 17.286, V: 0.080, U: 0.000, change: 0.020
opt_iter: 67, opt_time: 62.3 (s), beta: 2, C: 17.209, V: 0.080, U: 0.000, change: 0.020
opt_iter: 68, opt_time: 62.5 (s), beta: 2, C: 17.137, V: 0.080, U: 0.000, change: 0.020
opt_iter: 69, opt_time: 62.7 (s), beta: 2, C: 17.071, V: 0.080, U: 0.000, change: 0.020
opt_iter: 70, opt_time: 62.8 (s), beta: 2, C: 17.009, V: 0.080, U: 0.000, change: 0.020
opt_iter: 71, opt_time: 62.7 (s), beta: 2, C: 16.951, V: 0.080, U: 0.000, change: 0.020
opt_iter: 72, opt_time: 62.6 (s), beta: 2, C: 16.898, V: 0.080, U: 0.000, change: 0.020
opt_iter: 73, opt_time: 62.9 (s), beta: 2, C: 16.848, V: 0.080, U: 0.000, change: 0.020
opt_iter: 74, opt_time: 63.1 (s), beta: 2, C: 16.802, V: 0.080, U: 0.000, change: 0.020
opt_iter: 75, opt_time: 63.1 (s), beta: 2, C: 16.759, V: 0.080, U: 0.000, change: 0.020
opt_iter: 76, opt_time: 62.9 (s), beta: 2, C: 16.719, V: 0.080, U: 0.000, change: 0.020
opt_iter: 77, opt_time: 63 (s), beta: 2, C: 16.683, V: 0.080, U: 0.000, change: 0.020
opt_iter: 78, opt_time: 63.4 (s), beta: 2, C: 16.649, V: 0.080, U: 0.000, change: 0.020
opt_iter: 79, opt_time: 63.3 (s), beta: 2, C: 16.618, V: 0.080, U: 0.000, change: 0.020
opt_iter: 80, opt_time: 63.5 (s), beta: 2, C: 16.590, V: 0.080, U: 0.000, change: 0.020
opt_iter: 81, opt_time: 63.5 (s), beta: 2, C: 16.565, V: 0.080, U: 0.000, change: 0.020
opt_iter: 82, opt_time: 63.3 (s), beta: 2, C: 16.542, V: 0.080, U: 0.000, change: 0.020
opt_iter: 83, opt_time: 63.5 (s), beta: 2, C: 16.521, V: 0.080, U: 0.000, change: 0.020
opt_iter: 84, opt_time: 63.4 (s), beta: 2, C: 16.503, V: 0.080, U: 0.000, change: 0.020
opt_iter: 85, opt_time: 63.5 (s), beta: 2, C: 16.485, V: 0.080, U: 0.000, change: 0.020
opt_iter: 86, opt_time: 63.3 (s), beta: 2, C: 16.469, V: 0.080, U: 0.000, change: 0.020
opt_iter: 87, opt_time: 63.5 (s), beta: 2, C: 16.454, V: 0.080, U: 0.000, change: 0.020
opt_iter: 88, opt_time: 63.4 (s), beta: 2, C: 16.440, V: 0.080, U: 0.000, change: 0.020
opt_iter: 89, opt_time: 63.5 (s), beta: 2, C: 16.427, V: 0.080, U: 0.000, change: 0.020
opt_iter: 90, opt_time: 63.5 (s), beta: 2, C: 16.415, V: 0.080, U: 0.000, change: 0.020
opt_iter: 91, opt_time: 63.8 (s), beta: 2, C: 16.403, V: 0.080, U: 0.000, change: 0.020
opt_iter: 92, opt_time: 63.8 (s), beta: 2, C: 16.392, V: 0.080, U: 0.000, change: 0.020
opt_iter: 93, opt_time: 63.7 (s), beta: 2, C: 16.382, V: 0.080, U: 0.000, change: 0.020
opt_iter: 94, opt_time: 63.6 (s), beta: 2, C: 16.373, V: 0.080, U: 0.000, change: 0.020
opt_iter: 95, opt_time: 64 (s), beta: 2, C: 16.364, V: 0.080, U: 0.000, change: 0.020
opt_iter: 96, opt_time: 63.7 (s), beta: 2, C: 16.355, V: 0.080, U: 0.000, change: 0.020
opt_iter: 97, opt_time: 63.7 (s), beta: 2, C: 16.347, V: 0.080, U: 0.000, change: 0.020
opt_iter: 98, opt_time: 63.9 (s), beta: 2, C: 16.339, V: 0.080, U: 0.000, change: 0.020
opt_iter: 99, opt_time: 63.6 (s), beta: 2, C: 16.332, V: 0.080, U: 0.000, change: 0.020
opt_iter: 100, opt_time: 77.3 (s), beta: 4, C: 19.068, V: 0.061, U: 0.000, change: 0.020
opt_iter: 101, opt_time: 76.7 (s), beta: 4, C: 17.663, V: 0.063, U: 0.000, change: 0.020
opt_iter: 102, opt_time: 70.8 (s), beta: 4, C: 16.060, V: 0.066, U: 0.000, change: 0.020
opt_iter: 103, opt_time: 68.5 (s), beta: 4, C: 14.490, V: 0.069, U: 0.000, change: 0.020
opt_iter: 104, opt_time: 67.3 (s), beta: 4, C: 13.061, V: 0.073, U: 0.000, change: 0.020
opt_iter: 105, opt_time: 71.1 (s), beta: 4, C: 11.787, V: 0.078, U: 0.000, change: 0.020
opt_iter: 106, opt_time: 71 (s), beta: 4, C: 11.106, V: 0.080, U: 0.000, change: 0.020
opt_iter: 107, opt_time: 71 (s), beta: 4, C: 10.967, V: 0.080, U: 0.000, change: 0.020
opt_iter: 108, opt_time: 71.3 (s), beta: 4, C: 10.848, V: 0.080, U: 0.000, change: 0.020
opt_iter: 109, opt_time: 70.8 (s), beta: 4, C: 10.746, V: 0.080, U: 0.000, change: 0.020
opt_iter: 110, opt_time: 71.2 (s), beta: 4, C: 10.656, V: 0.080, U: 0.000, change: 0.020
opt_iter: 111, opt_time: 71.1 (s), beta: 4, C: 10.576, V: 0.080, U: 0.000, change: 0.020
opt_iter: 112, opt_time: 71.1 (s), beta: 4, C: 10.506, V: 0.080, U: 0.000, change: 0.020
opt_iter: 113, opt_time: 71.1 (s), beta: 4, C: 10.442, V: 0.080, U: 0.000, change: 0.020
opt_iter: 114, opt_time: 71.2 (s), beta: 4, C: 10.385, V: 0.080, U: 0.000, change: 0.020
opt_iter: 115, opt_time: 71.1 (s), beta: 4, C: 10.333, V: 0.080, U: 0.000, change: 0.020
opt_iter: 116, opt_time: 71.1 (s), beta: 4, C: 10.286, V: 0.080, U: 0.000, change: 0.020
opt_iter: 117, opt_time: 71 (s), beta: 4, C: 10.243, V: 0.080, U: 0.000, change: 0.020
opt_iter: 118, opt_time: 71.3 (s), beta: 4, C: 10.204, V: 0.080, U: 0.000, change: 0.020
opt_iter: 119, opt_time: 71.5 (s), beta: 4, C: 10.168, V: 0.080, U: 0.000, change: 0.020
opt_iter: 120, opt_time: 71.4 (s), beta: 4, C: 10.135, V: 0.080, U: 0.000, change: 0.020
opt_iter: 121, opt_time: 71.4 (s), beta: 4, C: 10.104, V: 0.080, U: 0.000, change: 0.020
opt_iter: 122, opt_time: 71.5 (s), beta: 4, C: 10.076, V: 0.080, U: 0.000, change: 0.020
opt_iter: 123, opt_time: 71.4 (s), beta: 4, C: 10.050, V: 0.080, U: 0.000, change: 0.020
opt_iter: 124, opt_time: 71.2 (s), beta: 4, C: 10.026, V: 0.080, U: 0.000, change: 0.020
opt_iter: 125, opt_time: 71.2 (s), beta: 4, C: 10.004, V: 0.080, U: 0.000, change: 0.020
opt_iter: 126, opt_time: 71.3 (s), beta: 4, C: 9.983, V: 0.080, U: 0.000, change: 0.020
opt_iter: 127, opt_time: 71.2 (s), beta: 4, C: 9.963, V: 0.080, U: 0.000, change: 0.020
opt_iter: 128, opt_time: 71 (s), beta: 4, C: 9.945, V: 0.080, U: 0.000, change: 0.020
opt_iter: 129, opt_time: 71.4 (s), beta: 4, C: 9.928, V: 0.080, U: 0.000, change: 0.020
opt_iter: 130, opt_time: 71.3 (s), beta: 4, C: 9.912, V: 0.080, U: 0.000, change: 0.020
opt_iter: 131, opt_time: 70.9 (s), beta: 4, C: 9.896, V: 0.080, U: 0.000, change: 0.020
opt_iter: 132, opt_time: 71 (s), beta: 4, C: 9.882, V: 0.080, U: 0.000, change: 0.020
opt_iter: 133, opt_time: 70.8 (s), beta: 4, C: 9.869, V: 0.080, U: 0.000, change: 0.020
opt_iter: 134, opt_time: 70.7 (s), beta: 4, C: 9.856, V: 0.080, U: 0.000, change: 0.020
opt_iter: 135, opt_time: 70.8 (s), beta: 4, C: 9.844, V: 0.080, U: 0.000, change: 0.020
opt_iter: 136, opt_time: 70.7 (s), beta: 4, C: 9.833, V: 0.080, U: 0.000, change: 0.020
opt_iter: 137, opt_time: 71 (s), beta: 4, C: 9.822, V: 0.080, U: 0.000, change: 0.020
opt_iter: 138, opt_time: 71 (s), beta: 4, C: 9.812, V: 0.080, U: 0.000, change: 0.020
opt_iter: 139, opt_time: 70.7 (s), beta: 4, C: 9.802, V: 0.080, U: 0.000, change: 0.020
opt_iter: 140, opt_time: 72.4 (s), beta: 4, C: 9.793, V: 0.080, U: 0.000, change: 0.020
opt_iter: 141, opt_time: 71 (s), beta: 4, C: 9.784, V: 0.080, U: 0.000, change: 0.020
opt_iter: 142, opt_time: 70.9 (s), beta: 4, C: 9.776, V: 0.080, U: 0.000, change: 0.020
opt_iter: 143, opt_time: 70.9 (s), beta: 4, C: 9.769, V: 0.080, U: 0.000, change: 0.020
opt_iter: 144, opt_time: 71.3 (s), beta: 4, C: 9.761, V: 0.080, U: 0.000, change: 0.020
opt_iter: 145, opt_time: 70.9 (s), beta: 4, C: 9.755, V: 0.080, U: 0.000, change: 0.020
opt_iter: 146, opt_time: 71.3 (s), beta: 4, C: 9.749, V: 0.080, U: 0.000, change: 0.020
opt_iter: 147, opt_time: 71.1 (s), beta: 4, C: 9.743, V: 0.080, U: 0.000, change: 0.020
opt_iter: 148, opt_time: 71.1 (s), beta: 4, C: 9.738, V: 0.080, U: 0.000, change: 0.020
opt_iter: 149, opt_time: 71.4 (s), beta: 4, C: 9.733, V: 0.080, U: 0.000, change: 0.020
opt_iter: 150, opt_time: 82.6 (s), beta: 8, C: 7.942, V: 0.067, U: 0.000, change: 0.020
opt_iter: 151, opt_time: 78.4 (s), beta: 8, C: 7.266, V: 0.070, U: 0.000, change: 0.020
opt_iter: 152, opt_time: 77.3 (s), beta: 8, C: 6.591, V: 0.074, U: 0.000, change: 0.020
opt_iter: 153, opt_time: 78 (s), beta: 8, C: 6.007, V: 0.078, U: 0.000, change: 0.020
opt_iter: 154, opt_time: 78.6 (s), beta: 8, C: 5.703, V: 0.080, U: 0.000, change: 0.020
opt_iter: 155, opt_time: 78.9 (s), beta: 8, C: 5.686, V: 0.080, U: 0.000, change: 0.020
opt_iter: 156, opt_time: 79 (s), beta: 8, C: 5.671, V: 0.080, U: 0.000, change: 0.020
opt_iter: 157, opt_time: 78.8 (s), beta: 8, C: 5.660, V: 0.080, U: 0.000, change: 0.020
opt_iter: 158, opt_time: 78.9 (s), beta: 8, C: 5.650, V: 0.080, U: 0.000, change: 0.020
opt_iter: 159, opt_time: 78.9 (s), beta: 8, C: 5.640, V: 0.080, U: 0.000, change: 0.020
opt_iter: 160, opt_time: 79.1 (s), beta: 8, C: 5.632, V: 0.080, U: 0.000, change: 0.020
opt_iter: 161, opt_time: 79 (s), beta: 8, C: 5.624, V: 0.080, U: 0.000, change: 0.020
opt_iter: 162, opt_time: 79 (s), beta: 8, C: 5.616, V: 0.080, U: 0.000, change: 0.020
opt_iter: 163, opt_time: 78.8 (s), beta: 8, C: 5.609, V: 0.080, U: 0.000, change: 0.020
opt_iter: 164, opt_time: 78.6 (s), beta: 8, C: 5.602, V: 0.080, U: 0.000, change: 0.020
opt_iter: 165, opt_time: 78.6 (s), beta: 8, C: 5.596, V: 0.080, U: 0.000, change: 0.020
opt_iter: 166, opt_time: 78.6 (s), beta: 8, C: 5.590, V: 0.080, U: 0.000, change: 0.020
opt_iter: 167, opt_time: 78.7 (s), beta: 8, C: 5.584, V: 0.080, U: 0.000, change: 0.020
opt_iter: 168, opt_time: 78.7 (s), beta: 8, C: 5.578, V: 0.080, U: 0.000, change: 0.020
opt_iter: 169, opt_time: 78.3 (s), beta: 8, C: 5.573, V: 0.080, U: 0.000, change: 0.020
opt_iter: 170, opt_time: 78.2 (s), beta: 8, C: 5.567, V: 0.080, U: 0.000, change: 0.020
opt_iter: 171, opt_time: 78.6 (s), beta: 8, C: 5.562, V: 0.080, U: 0.000, change: 0.020
opt_iter: 172, opt_time: 78.4 (s), beta: 8, C: 5.558, V: 0.080, U: 0.000, change: 0.020
opt_iter: 173, opt_time: 78.4 (s), beta: 8, C: 5.553, V: 0.080, U: 0.000, change: 0.020
opt_iter: 174, opt_time: 78.3 (s), beta: 8, C: 5.548, V: 0.080, U: 0.000, change: 0.020
opt_iter: 175, opt_time: 78.4 (s), beta: 8, C: 5.544, V: 0.080, U: 0.000, change: 0.020
opt_iter: 176, opt_time: 78.3 (s), beta: 8, C: 5.540, V: 0.080, U: 0.000, change: 0.020
opt_iter: 177, opt_time: 78.2 (s), beta: 8, C: 5.536, V: 0.080, U: 0.000, change: 0.020
opt_iter: 178, opt_time: 78.3 (s), beta: 8, C: 5.532, V: 0.080, U: 0.000, change: 0.020
opt_iter: 179, opt_time: 78.4 (s), beta: 8, C: 5.528, V: 0.080, U: 0.000, change: 0.020
opt_iter: 180, opt_time: 78.4 (s), beta: 8, C: 5.524, V: 0.080, U: 0.000, change: 0.020
opt_iter: 181, opt_time: 78.2 (s), beta: 8, C: 5.520, V: 0.080, U: 0.000, change: 0.020
opt_iter: 182, opt_time: 78.1 (s), beta: 8, C: 5.517, V: 0.080, U: 0.000, change: 0.020
opt_iter: 183, opt_time: 78.6 (s), beta: 8, C: 5.513, V: 0.080, U: 0.000, change: 0.020
opt_iter: 184, opt_time: 77.9 (s), beta: 8, C: 5.510, V: 0.080, U: 0.000, change: 0.020
opt_iter: 185, opt_time: 78.1 (s), beta: 8, C: 5.507, V: 0.080, U: 0.000, change: 0.020
opt_iter: 186, opt_time: 78.1 (s), beta: 8, C: 5.504, V: 0.080, U: 0.000, change: 0.020
opt_iter: 187, opt_time: 77.7 (s), beta: 8, C: 5.501, V: 0.080, U: 0.000, change: 0.020
opt_iter: 188, opt_time: 78.2 (s), beta: 8, C: 5.498, V: 0.080, U: 0.000, change: 0.020
opt_iter: 189, opt_time: 77.9 (s), beta: 8, C: 5.495, V: 0.080, U: 0.000, change: 0.020
opt_iter: 190, opt_time: 78 (s), beta: 8, C: 5.492, V: 0.080, U: 0.000, change: 0.020
opt_iter: 191, opt_time: 77.9 (s), beta: 8, C: 5.489, V: 0.080, U: 0.000, change: 0.020
opt_iter: 192, opt_time: 77.6 (s), beta: 8, C: 5.487, V: 0.080, U: 0.000, change: 0.020
opt_iter: 193, opt_time: 77.6 (s), beta: 8, C: 5.484, V: 0.080, U: 0.000, change: 0.020
opt_iter: 194, opt_time: 77.5 (s), beta: 8, C: 5.482, V: 0.080, U: 0.000, change: 0.020
opt_iter: 195, opt_time: 77.6 (s), beta: 8, C: 5.479, V: 0.080, U: 0.000, change: 0.020
opt_iter: 196, opt_time: 77.8 (s), beta: 8, C: 5.477, V: 0.080, U: 0.000, change: 0.020
opt_iter: 197, opt_time: 77.5 (s), beta: 8, C: 5.475, V: 0.080, U: 0.000, change: 0.020
opt_iter: 198, opt_time: 77.3 (s), beta: 8, C: 5.472, V: 0.080, U: 0.000, change: 0.020
opt_iter: 199, opt_time: 77.1 (s), beta: 8, C: 5.470, V: 0.080, U: 0.000, change: 0.020
opt_iter: 200, opt_time: 81 (s), beta: 16, C: 4.113, V: 0.078, U: 0.000, change: 0.020
opt_iter: 201, opt_time: 81 (s), beta: 16, C: 4.002, V: 0.080, U: 0.000, change: 0.020
opt_iter: 202, opt_time: 81.2 (s), beta: 16, C: 3.997, V: 0.080, U: 0.000, change: 0.020
opt_iter: 203, opt_time: 80.6 (s), beta: 16, C: 3.993, V: 0.080, U: 0.000, change: 0.020
opt_iter: 204, opt_time: 80.7 (s), beta: 16, C: 3.989, V: 0.080, U: 0.000, change: 0.020
opt_iter: 205, opt_time: 80.8 (s), beta: 16, C: 3.986, V: 0.080, U: 0.000, change: 0.020
opt_iter: 206, opt_time: 81 (s), beta: 16, C: 3.982, V: 0.080, U: 0.000, change: 0.020
opt_iter: 207, opt_time: 81.4 (s), beta: 16, C: 3.979, V: 0.080, U: 0.000, change: 0.020
opt_iter: 208, opt_time: 81.4 (s), beta: 16, C: 3.976, V: 0.080, U: 0.000, change: 0.020
opt_iter: 209, opt_time: 80.9 (s), beta: 16, C: 3.973, V: 0.080, U: 0.000, change: 0.020
opt_iter: 210, opt_time: 80.4 (s), beta: 16, C: 3.971, V: 0.080, U: 0.000, change: 0.020
opt_iter: 211, opt_time: 78.6 (s), beta: 16, C: 3.968, V: 0.080, U: 0.000, change: 0.020
opt_iter: 212, opt_time: 78.7 (s), beta: 16, C: 3.966, V: 0.080, U: 0.000, change: 0.020
opt_iter: 213, opt_time: 78.4 (s), beta: 16, C: 3.963, V: 0.080, U: 0.000, change: 0.020
opt_iter: 214, opt_time: 78.6 (s), beta: 16, C: 3.961, V: 0.080, U: 0.000, change: 0.020
opt_iter: 215, opt_time: 78.8 (s), beta: 16, C: 3.959, V: 0.080, U: 0.000, change: 0.020
opt_iter: 216, opt_time: 78.7 (s), beta: 16, C: 3.957, V: 0.080, U: 0.000, change: 0.020
opt_iter: 217, opt_time: 78.5 (s), beta: 16, C: 3.955, V: 0.080, U: 0.000, change: 0.020
opt_iter: 218, opt_time: 78.2 (s), beta: 16, C: 3.953, V: 0.080, U: 0.000, change: 0.020
opt_iter: 219, opt_time: 78.3 (s), beta: 16, C: 3.951, V: 0.080, U: 0.000, change: 0.020
opt_iter: 220, opt_time: 78.6 (s), beta: 16, C: 3.949, V: 0.080, U: 0.000, change: 0.020
opt_iter: 221, opt_time: 78.3 (s), beta: 16, C: 3.947, V: 0.080, U: 0.000, change: 0.020
opt_iter: 222, opt_time: 78.7 (s), beta: 16, C: 3.945, V: 0.080, U: 0.000, change: 0.020
opt_iter: 223, opt_time: 78.5 (s), beta: 16, C: 3.943, V: 0.080, U: 0.000, change: 0.020
opt_iter: 224, opt_time: 78.3 (s), beta: 16, C: 3.942, V: 0.080, U: 0.000, change: 0.020
opt_iter: 225, opt_time: 78.7 (s), beta: 16, C: 3.940, V: 0.080, U: 0.000, change: 0.020
opt_iter: 226, opt_time: 78.7 (s), beta: 16, C: 3.938, V: 0.080, U: 0.000, change: 0.020
opt_iter: 227, opt_time: 79.1 (s), beta: 16, C: 3.937, V: 0.080, U: 0.000, change: 0.020
opt_iter: 228, opt_time: 79.1 (s), beta: 16, C: 3.935, V: 0.080, U: 0.000, change: 0.020
opt_iter: 229, opt_time: 79 (s), beta: 16, C: 3.933, V: 0.080, U: 0.000, change: 0.020
opt_iter: 230, opt_time: 78.9 (s), beta: 16, C: 3.932, V: 0.080, U: 0.000, change: 0.020
opt_iter: 231, opt_time: 78.9 (s), beta: 16, C: 3.930, V: 0.080, U: 0.000, change: 0.020
opt_iter: 232, opt_time: 78.8 (s), beta: 16, C: 3.929, V: 0.080, U: 0.000, change: 0.020
opt_iter: 233, opt_time: 79 (s), beta: 16, C: 3.927, V: 0.080, U: 0.000, change: 0.020
opt_iter: 234, opt_time: 79.1 (s), beta: 16, C: 3.926, V: 0.080, U: 0.000, change: 0.020
opt_iter: 235, opt_time: 79 (s), beta: 16, C: 3.924, V: 0.080, U: 0.000, change: 0.020
opt_iter: 236, opt_time: 78.5 (s), beta: 16, C: 3.923, V: 0.080, U: 0.000, change: 0.020
opt_iter: 237, opt_time: 78.2 (s), beta: 16, C: 3.921, V: 0.080, U: 0.000, change: 0.020
opt_iter: 238, opt_time: 78.4 (s), beta: 16, C: 3.920, V: 0.080, U: 0.000, change: 0.020
opt_iter: 239, opt_time: 78.3 (s), beta: 16, C: 3.919, V: 0.080, U: 0.000, change: 0.020
opt_iter: 240, opt_time: 78.5 (s), beta: 16, C: 3.917, V: 0.080, U: 0.000, change: 0.020
opt_iter: 241, opt_time: 78.4 (s), beta: 16, C: 3.916, V: 0.080, U: 0.000, change: 0.020
opt_iter: 242, opt_time: 78.3 (s), beta: 16, C: 3.915, V: 0.080, U: 0.000, change: 0.020
opt_iter: 243, opt_time: 78.6 (s), beta: 16, C: 3.914, V: 0.080, U: 0.000, change: 0.020
opt_iter: 244, opt_time: 78.5 (s), beta: 16, C: 3.912, V: 0.080, U: 0.000, change: 0.020
opt_iter: 245, opt_time: 78.3 (s), beta: 16, C: 3.911, V: 0.080, U: 0.000, change: 0.020
opt_iter: 246, opt_time: 78.4 (s), beta: 16, C: 3.910, V: 0.080, U: 0.000, change: 0.020
opt_iter: 247, opt_time: 78.7 (s), beta: 16, C: 3.909, V: 0.080, U: 0.000, change: 0.020
opt_iter: 248, opt_time: 78.7 (s), beta: 16, C: 3.908, V: 0.080, U: 0.000, change: 0.020
opt_iter: 249, opt_time: 78.7 (s), beta: 16, C: 3.907, V: 0.080, U: 0.000, change: 0.020
opt_iter: 250, opt_time: 79 (s), beta: 32, C: 3.349, V: 0.081, U: 0.000, change: 0.020
opt_iter: 251, opt_time: 80 (s), beta: 32, C: 3.372, V: 0.080, U: 0.000, change: 0.020
opt_iter: 252, opt_time: 80.1 (s), beta: 32, C: 3.369, V: 0.080, U: 0.000, change: 0.020
opt_iter: 253, opt_time: 80 (s), beta: 32, C: 3.367, V: 0.080, U: 0.000, change: 0.020
opt_iter: 254, opt_time: 80.2 (s), beta: 32, C: 3.366, V: 0.080, U: 0.000, change: 0.020
opt_iter: 255, opt_time: 80.2 (s), beta: 32, C: 3.364, V: 0.080, U: 0.000, change: 0.020
opt_iter: 256, opt_time: 80.4 (s), beta: 32, C: 3.363, V: 0.080, U: 0.000, change: 0.020
opt_iter: 257, opt_time: 80.3 (s), beta: 32, C: 3.361, V: 0.080, U: 0.000, change: 0.020
opt_iter: 258, opt_time: 81 (s), beta: 32, C: 3.360, V: 0.080, U: 0.000, change: 0.020
opt_iter: 259, opt_time: 80.3 (s), beta: 32, C: 3.359, V: 0.080, U: 0.000, change: 0.020
opt_iter: 260, opt_time: 80.3 (s), beta: 32, C: 3.358, V: 0.080, U: 0.000, change: 0.020
opt_iter: 261, opt_time: 80.7 (s), beta: 32, C: 3.357, V: 0.080, U: 0.000, change: 0.020
opt_iter: 262, opt_time: 80.4 (s), beta: 32, C: 3.355, V: 0.080, U: 0.000, change: 0.020
opt_iter: 263, opt_time: 79.9 (s), beta: 32, C: 3.354, V: 0.080, U: 0.000, change: 0.020
opt_iter: 264, opt_time: 80 (s), beta: 32, C: 3.353, V: 0.080, U: 0.000, change: 0.020
opt_iter: 265, opt_time: 80.4 (s), beta: 32, C: 3.352, V: 0.080, U: 0.000, change: 0.020
opt_iter: 266, opt_time: 80.2 (s), beta: 32, C: 3.351, V: 0.080, U: 0.000, change: 0.020
opt_iter: 267, opt_time: 80.2 (s), beta: 32, C: 3.350, V: 0.080, U: 0.000, change: 0.020
opt_iter: 268, opt_time: 80.6 (s), beta: 32, C: 3.349, V: 0.080, U: 0.000, change: 0.020
opt_iter: 269, opt_time: 80.2 (s), beta: 32, C: 3.348, V: 0.080, U: 0.000, change: 0.020
opt_iter: 270, opt_time: 80.7 (s), beta: 32, C: 3.347, V: 0.080, U: 0.000, change: 0.020
opt_iter: 271, opt_time: 80.6 (s), beta: 32, C: 3.346, V: 0.080, U: 0.000, change: 0.020
opt_iter: 272, opt_time: 80.7 (s), beta: 32, C: 3.345, V: 0.080, U: 0.000, change: 0.020
opt_iter: 273, opt_time: 80.5 (s), beta: 32, C: 3.344, V: 0.080, U: 0.000, change: 0.020
opt_iter: 274, opt_time: 81 (s), beta: 32, C: 3.343, V: 0.080, U: 0.000, change: 0.020
opt_iter: 275, opt_time: 80.8 (s), beta: 32, C: 3.343, V: 0.080, U: 0.000, change: 0.020
opt_iter: 276, opt_time: 81 (s), beta: 32, C: 3.342, V: 0.080, U: 0.000, change: 0.020
opt_iter: 277, opt_time: 80.7 (s), beta: 32, C: 3.341, V: 0.080, U: 0.000, change: 0.020
opt_iter: 278, opt_time: 81.1 (s), beta: 32, C: 3.340, V: 0.080, U: 0.000, change: 0.020
opt_iter: 279, opt_time: 81.3 (s), beta: 32, C: 3.339, V: 0.080, U: 0.000, change: 0.020
opt_iter: 280, opt_time: 81.1 (s), beta: 32, C: 3.338, V: 0.080, U: 0.000, change: 0.020
opt_iter: 281, opt_time: 81.1 (s), beta: 32, C: 3.338, V: 0.080, U: 0.000, change: 0.020
opt_iter: 282, opt_time: 81.7 (s), beta: 32, C: 3.337, V: 0.080, U: 0.000, change: 0.020
opt_iter: 283, opt_time: 81.2 (s), beta: 32, C: 3.336, V: 0.080, U: 0.000, change: 0.020
opt_iter: 284, opt_time: 81.5 (s), beta: 32, C: 3.335, V: 0.080, U: 0.000, change: 0.020
opt_iter: 285, opt_time: 80.9 (s), beta: 32, C: 3.335, V: 0.080, U: 0.000, change: 0.020
opt_iter: 286, opt_time: 81.4 (s), beta: 32, C: 3.334, V: 0.080, U: 0.000, change: 0.020
opt_iter: 287, opt_time: 80.7 (s), beta: 32, C: 3.333, V: 0.080, U: 0.000, change: 0.020
opt_iter: 288, opt_time: 81.4 (s), beta: 32, C: 3.332, V: 0.080, U: 0.000, change: 0.020
opt_iter: 289, opt_time: 81.2 (s), beta: 32, C: 3.332, V: 0.080, U: 0.000, change: 0.020
opt_iter: 290, opt_time: 81.2 (s), beta: 32, C: 3.331, V: 0.080, U: 0.000, change: 0.020
opt_iter: 291, opt_time: 81.7 (s), beta: 32, C: 3.331, V: 0.080, U: 0.000, change: 0.020
opt_iter: 292, opt_time: 81.4 (s), beta: 32, C: 3.330, V: 0.080, U: 0.000, change: 0.020
opt_iter: 293, opt_time: 81.6 (s), beta: 32, C: 3.329, V: 0.080, U: 0.000, change: 0.020
opt_iter: 294, opt_time: 81.5 (s), beta: 32, C: 3.329, V: 0.080, U: 0.000, change: 0.020
opt_iter: 295, opt_time: 81.6 (s), beta: 32, C: 3.328, V: 0.080, U: 0.000, change: 0.020
opt_iter: 296, opt_time: 81.4 (s), beta: 32, C: 3.327, V: 0.080, U: 0.000, change: 0.020
opt_iter: 297, opt_time: 81.4 (s), beta: 32, C: 3.327, V: 0.080, U: 0.000, change: 0.020
opt_iter: 298, opt_time: 81.8 (s), beta: 32, C: 3.326, V: 0.080, U: 0.000, change: 0.020
opt_iter: 299, opt_time: 81.5 (s), beta: 32, C: 3.326, V: 0.080, U: 0.000, change: 0.020
opt_iter: 300, opt_time: 81.1 (s), beta: 64, C: 3.106, V: 0.080, U: 0.000, change: 0.020
opt_iter: 301, opt_time: 80.6 (s), beta: 64, C: 3.117, V: 0.080, U: 0.000, change: 0.020
opt_iter: 302, opt_time: 81.2 (s), beta: 64, C: 3.117, V: 0.080, U: 0.000, change: 0.020
opt_iter: 303, opt_time: 80.4 (s), beta: 64, C: 3.115, V: 0.080, U: 0.000, change: 0.020
opt_iter: 304, opt_time: 81.9 (s), beta: 64, C: 3.115, V: 0.080, U: 0.000, change: 0.020
opt_iter: 305, opt_time: 79.7 (s), beta: 64, C: 3.113, V: 0.080, U: 0.000, change: 0.020
opt_iter: 306, opt_time: 81.5 (s), beta: 64, C: 3.112, V: 0.080, U: 0.000, change: 0.020
opt_iter: 307, opt_time: 80 (s), beta: 64, C: 3.112, V: 0.080, U: 0.000, change: 0.020
opt_iter: 308, opt_time: 81.4 (s), beta: 64, C: 3.110, V: 0.080, U: 0.000, change: 0.020
opt_iter: 309, opt_time: 81.4 (s), beta: 64, C: 3.110, V: 0.080, U: 0.000, change: 0.020
opt_iter: 310, opt_time: 81.1 (s), beta: 64, C: 3.108, V: 0.080, U: 0.000, change: 0.020
opt_iter: 311, opt_time: 80.5 (s), beta: 64, C: 3.107, V: 0.080, U: 0.000, change: 0.020
opt_iter: 312, opt_time: 81.2 (s), beta: 64, C: 3.106, V: 0.080, U: 0.000, change: 0.020
opt_iter: 313, opt_time: 81 (s), beta: 64, C: 3.105, V: 0.080, U: 0.000, change: 0.020
opt_iter: 314, opt_time: 81.5 (s), beta: 64, C: 3.104, V: 0.080, U: 0.000, change: 0.020
opt_iter: 315, opt_time: 80.8 (s), beta: 64, C: 3.104, V: 0.080, U: 0.000, change: 0.020
opt_iter: 316, opt_time: 81.5 (s), beta: 64, C: 3.102, V: 0.080, U: 0.000, change: 0.020
opt_iter: 317, opt_time: 80.6 (s), beta: 64, C: 3.102, V: 0.080, U: 0.000, change: 0.020
opt_iter: 318, opt_time: 81.8 (s), beta: 64, C: 3.101, V: 0.080, U: 0.000, change: 0.020
opt_iter: 319, opt_time: 80.5 (s), beta: 64, C: 3.101, V: 0.080, U: 0.000, change: 0.020
opt_iter: 320, opt_time: 81.4 (s), beta: 64, C: 3.100, V: 0.080, U: 0.000, change: 0.020
opt_iter: 321, opt_time: 80.7 (s), beta: 64, C: 3.100, V: 0.080, U: 0.000, change: 0.020
opt_iter: 322, opt_time: 80.8 (s), beta: 64, C: 3.099, V: 0.080, U: 0.000, change: 0.020
opt_iter: 323, opt_time: 81 (s), beta: 64, C: 3.099, V: 0.080, U: 0.000, change: 0.020
opt_iter: 324, opt_time: 80.7 (s), beta: 64, C: 3.098, V: 0.080, U: 0.000, change: 0.020
opt_iter: 325, opt_time: 81.1 (s), beta: 64, C: 3.099, V: 0.080, U: 0.000, change: 0.020
opt_iter: 326, opt_time: 80.4 (s), beta: 64, C: 3.097, V: 0.080, U: 0.000, change: 0.020
opt_iter: 327, opt_time: 80.9 (s), beta: 64, C: 3.098, V: 0.080, U: 0.000, change: 0.020
opt_iter: 328, opt_time: 80.3 (s), beta: 64, C: 3.097, V: 0.080, U: 0.000, change: 0.020
opt_iter: 329, opt_time: 80.8 (s), beta: 64, C: 3.098, V: 0.080, U: 0.000, change: 0.020
opt_iter: 330, opt_time: 80.7 (s), beta: 64, C: 3.096, V: 0.080, U: 0.000, change: 0.020
opt_iter: 331, opt_time: 80.7 (s), beta: 64, C: 3.097, V: 0.080, U: 0.000, change: 0.020
opt_iter: 332, opt_time: 81 (s), beta: 64, C: 3.096, V: 0.080, U: 0.000, change: 0.020
opt_iter: 333, opt_time: 81.2 (s), beta: 64, C: 3.097, V: 0.080, U: 0.000, change: 0.020
opt_iter: 334, opt_time: 80.8 (s), beta: 64, C: 3.095, V: 0.080, U: 0.000, change: 0.020
opt_iter: 335, opt_time: 80.7 (s), beta: 64, C: 3.096, V: 0.080, U: 0.000, change: 0.020
opt_iter: 336, opt_time: 80.7 (s), beta: 64, C: 3.095, V: 0.080, U: 0.000, change: 0.020
opt_iter: 337, opt_time: 81 (s), beta: 64, C: 3.096, V: 0.080, U: 0.000, change: 0.020
opt_iter: 338, opt_time: 80.7 (s), beta: 64, C: 3.094, V: 0.080, U: 0.000, change: 0.020
opt_iter: 339, opt_time: 81 (s), beta: 64, C: 3.095, V: 0.080, U: 0.000, change: 0.020
opt_iter: 340, opt_time: 81 (s), beta: 64, C: 3.094, V: 0.080, U: 0.000, change: 0.020
opt_iter: 341, opt_time: 80.8 (s), beta: 64, C: 3.095, V: 0.080, U: 0.000, change: 0.020
opt_iter: 342, opt_time: 80.7 (s), beta: 64, C: 3.093, V: 0.080, U: 0.000, change: 0.020
opt_iter: 343, opt_time: 80.9 (s), beta: 64, C: 3.094, V: 0.080, U: 0.000, change: 0.020
opt_iter: 344, opt_time: 80.9 (s), beta: 64, C: 3.092, V: 0.080, U: 0.000, change: 0.020
opt_iter: 345, opt_time: 81 (s), beta: 64, C: 3.094, V: 0.080, U: 0.000, change: 0.020
opt_iter: 346, opt_time: 80.7 (s), beta: 64, C: 3.092, V: 0.080, U: 0.000, change: 0.020
opt_iter: 347, opt_time: 81.3 (s), beta: 64, C: 3.093, V: 0.080, U: 0.000, change: 0.020
opt_iter: 348, opt_time: 80.9 (s), beta: 64, C: 3.091, V: 0.080, U: 0.000, change: 0.020
opt_iter: 349, opt_time: 81.3 (s), beta: 64, C: 3.093, V: 0.080, U: 0.000, change: 0.020
opt_iter: 350, opt_time: 81 (s), beta: 128, C: 3.002, V: 0.080, U: 0.000, change: 0.020
opt_iter: 351, opt_time: 80.3 (s), beta: 128, C: 3.006, V: 0.080, U: 0.000, change: 0.020
opt_iter: 352, opt_time: 81.2 (s), beta: 128, C: 3.005, V: 0.080, U: 0.000, change: 0.020
opt_iter: 353, opt_time: 80 (s), beta: 128, C: 3.007, V: 0.080, U: 0.000, change: 0.020
opt_iter: 354, opt_time: 81.1 (s), beta: 128, C: 3.005, V: 0.080, U: 0.000, change: 0.020
opt_iter: 355, opt_time: 80.7 (s), beta: 128, C: 3.007, V: 0.080, U: 0.000, change: 0.020
opt_iter: 356, opt_time: 81.3 (s), beta: 128, C: 3.005, V: 0.080, U: 0.000, change: 0.020
opt_iter: 357, opt_time: 80.9 (s), beta: 128, C: 3.007, V: 0.080, U: 0.000, change: 0.020
opt_iter: 358, opt_time: 80.9 (s), beta: 128, C: 3.005, V: 0.080, U: 0.000, change: 0.020
opt_iter: 359, opt_time: 80.7 (s), beta: 128, C: 3.008, V: 0.080, U: 0.000, change: 0.020
opt_iter: 360, opt_time: 80.6 (s), beta: 128, C: 3.005, V: 0.080, U: 0.000, change: 0.020
opt_iter: 361, opt_time: 80.4 (s), beta: 128, C: 3.008, V: 0.080, U: 0.000, change: 0.020
opt_iter: 362, opt_time: 80.8 (s), beta: 128, C: 3.005, V: 0.080, U: 0.000, change: 0.020
opt_iter: 363, opt_time: 80.4 (s), beta: 128, C: 3.008, V: 0.080, U: 0.000, change: 0.020
opt_iter: 364, opt_time: 80.9 (s), beta: 128, C: 3.004, V: 0.080, U: 0.000, change: 0.020
opt_iter: 365, opt_time: 80.3 (s), beta: 128, C: 3.008, V: 0.080, U: 0.000, change: 0.020
opt_iter: 366, opt_time: 80.7 (s), beta: 128, C: 3.004, V: 0.080, U: 0.000, change: 0.020
opt_iter: 367, opt_time: 81 (s), beta: 128, C: 3.007, V: 0.080, U: 0.000, change: 0.020
opt_iter: 368, opt_time: 81.3 (s), beta: 128, C: 3.004, V: 0.080, U: 0.000, change: 0.020
opt_iter: 369, opt_time: 80.9 (s), beta: 128, C: 3.007, V: 0.080, U: 0.000, change: 0.020
opt_iter: 370, opt_time: 81.6 (s), beta: 128, C: 3.003, V: 0.080, U: 0.000, change: 0.020
opt_iter: 371, opt_time: 81.5 (s), beta: 128, C: 3.007, V: 0.080, U: 0.000, change: 0.020
opt_iter: 372, opt_time: 81.4 (s), beta: 128, C: 3.003, V: 0.080, U: 0.000, change: 0.020
opt_iter: 373, opt_time: 81.5 (s), beta: 128, C: 3.006, V: 0.080, U: 0.000, change: 0.020
opt_iter: 374, opt_time: 81.4 (s), beta: 128, C: 3.003, V: 0.080, U: 0.000, change: 0.020
opt_iter: 375, opt_time: 81.5 (s), beta: 128, C: 3.006, V: 0.080, U: 0.000, change: 0.020
opt_iter: 376, opt_time: 81.4 (s), beta: 128, C: 3.002, V: 0.080, U: 0.000, change: 0.020
opt_iter: 377, opt_time: 81.6 (s), beta: 128, C: 3.006, V: 0.080, U: 0.000, change: 0.020
opt_iter: 378, opt_time: 81.1 (s), beta: 128, C: 3.002, V: 0.080, U: 0.000, change: 0.020
opt_iter: 379, opt_time: 81.5 (s), beta: 128, C: 3.005, V: 0.080, U: 0.000, change: 0.020
opt_iter: 380, opt_time: 81.1 (s), beta: 128, C: 3.002, V: 0.080, U: 0.000, change: 0.020
opt_iter: 381, opt_time: 81.6 (s), beta: 128, C: 3.005, V: 0.080, U: 0.000, change: 0.020
opt_iter: 382, opt_time: 81.6 (s), beta: 128, C: 3.001, V: 0.080, U: 0.000, change: 0.020
opt_iter: 383, opt_time: 82.3 (s), beta: 128, C: 3.005, V: 0.080, U: 0.000, change: 0.020
opt_iter: 384, opt_time: 81.4 (s), beta: 128, C: 3.001, V: 0.080, U: 0.000, change: 0.020
opt_iter: 385, opt_time: 81.9 (s), beta: 128, C: 3.005, V: 0.080, U: 0.000, change: 0.020
opt_iter: 386, opt_time: 81.4 (s), beta: 128, C: 3.001, V: 0.080, U: 0.000, change: 0.020
opt_iter: 387, opt_time: 82.2 (s), beta: 128, C: 3.004, V: 0.080, U: 0.000, change: 0.020
opt_iter: 388, opt_time: 81.4 (s), beta: 128, C: 3.001, V: 0.080, U: 0.000, change: 0.020
opt_iter: 389, opt_time: 82.1 (s), beta: 128, C: 3.004, V: 0.080, U: 0.000, change: 0.020
opt_iter: 390, opt_time: 81.6 (s), beta: 128, C: 3.000, V: 0.080, U: 0.000, change: 0.020
opt_iter: 391, opt_time: 82.1 (s), beta: 128, C: 3.004, V: 0.080, U: 0.000, change: 0.020
opt_iter: 392, opt_time: 81.7 (s), beta: 128, C: 3.000, V: 0.080, U: 0.000, change: 0.020
opt_iter: 393, opt_time: 82.5 (s), beta: 128, C: 3.004, V: 0.080, U: 0.000, change: 0.020
opt_iter: 394, opt_time: 81.7 (s), beta: 128, C: 3.000, V: 0.080, U: 0.000, change: 0.020
opt_iter: 395, opt_time: 82 (s), beta: 128, C: 3.003, V: 0.080, U: 0.000, change: 0.020
opt_iter: 396, opt_time: 81.7 (s), beta: 128, C: 3.000, V: 0.080, U: 0.000, change: 0.020
opt_iter: 397, opt_time: 81.7 (s), beta: 128, C: 3.003, V: 0.080, U: 0.000, change: 0.020
opt_iter: 398, opt_time: 81.6 (s), beta: 128, C: 3.000, V: 0.080, U: 0.000, change: 0.020
opt_iter: 399, opt_time: 82.3 (s), beta: 128, C: 3.003, V: 0.080, U: 0.000, change: 0.020
opt_iter: 400, opt_time: 81.4 (s), beta: 128, C: 2.999, V: 0.080, U: 0.000, change: 0.020

------------------------------------------------------------
Sender: LSF System <lsfadmin@hpc.dtu.dk>
Subject: Job 24215517[1]: <fenitop[1]> in cluster <dcc> Done

Job <fenitop[1]> was submitted from host <gbarlogin1> by user <mtaho> in cluster <dcc> at Wed Feb 26 11:28:35 2025
Job was executed on host(s) <8*n-62-29-11>, in queue <hpc>, as user <mtaho> in cluster <dcc> at Wed Feb 26 11:28:35 2025
                            <8*n-62-29-12>
                            <8*n-62-29-13>
                            <8*n-62-29-23>
                            <8*n-62-29-25>
                            <8*n-62-29-5>
                            <16*n-62-29-26>
                            <16*n-62-29-27>
                            <16*n-62-29-28>
</zhome/b1/8/116943> was used as the home directory.
</work3/mtaho/PhD/fenitop/scripts> was used as the working directory.
Started at Wed Feb 26 11:28:35 2025
Terminated at Thu Feb 27 11:31:47 2025
Results reported at Thu Feb 27 11:31:47 2025

Your job looked like:

------------------------------------------------------------
# LSBATCH: User input
#!/bin/sh 
### General options 
### -- specify queue -- 
#BSUB -q hpc
### -- Set number of parameters to sweep + set the job name 
#BSUB -J fenitop[1] #96 # IMPORTANT!!!!
### -- ask for number of cores (default: 1) -- 
#BSUB -n 96 # 16, 36, 64
### -- specify that the cores must be on the same host -- 
##BSUB -R "span[hosts=1]"
#BSUB -R "span[block=8]"
### -- specify that we need x GB of memory per core/slot -- 
#BSUB -R "rusage[mem=5GB]"
### -- specify that we want the job to get killed if it exceeds x GB per core/slot -- 
#BSUB -M 5GB
### -- set walltime limit: hh:mm -- 
#BSUB -W 24:00 
### -- set the email address -- 
# please uncomment the following line and put in your e-mail address,
# if you want to receive e-mail notifications on a non-default address
##BSUB -u YOURMAIL@SOMEWHERE.COM
### -- send notification at start -- 
##BSUB -B 
### -- send notification at completion -- 
##BSUB -N 
### -- Specify the output and error file. %J is the job-id -- 
### -- -o and -e mean append, -oo and -eo mean overwrite -- 
#BSUB -o ./run_log/Output_%J_%I.out 
#BSUB -e ./run_log/Error_%J_%I.err 

######### program to run
echo $PATH
pwd
echo "Start time:"
date
sleep "$((LSB_JOBINDEX))"

ulimit -s unlimited

# Export number of threads
numCores=$LSB_DJOB_NUMPROC
OMP_NUM_THREADS=1
numProcs=$(($LSB_DJOB_NUMPROC / $OMP_NUM_THREADS))
export numCores; echo "No. of cores =" $numCores
export numProcs; echo "No. of processes =" $numProcs
export OMP_NUM_THREADS; echo "No. of OMP threads =" $OMP_NUM_THREADS

# Set file paths
projectDir="/work3/mtaho/PhD/fenitop"
filePath_run=$projectDir/scripts/beam_3d.py

(... more ...)
------------------------------------------------------------

Successfully completed.

Resource usage summary:

    CPU time :                                   2787122.00 sec.
    Max Memory :                                 282430 MB
    Average Memory :                             238690.05 MB
    Total Requested Memory :                     491520.00 MB
    Delta Memory :                               209090.00 MB
    Max Swap :                                   -
    Max Processes :                              117
    Max Threads :                                448
    Run time :                                   86592 sec.
    Turnaround time :                            86592 sec.

The output (if any) is above this job summary.



PS:

Read file <./run_log/Error_24215517_1.err> for stderr output of this job.

